# JRE version: Java(TM) SE Runtime Environment (8.0_141-b15) (build 1.8.0_141-b15)
# Java VM: Java HotSpot(TM) 64-Bit Server VM (25.141-b15 mixed mode bsd-amd64 compressed oops)
Heap:
 PSYoungGen      total 417280K, used 211205K [0x0000000795580000, 0x00000007bae00000, 0x00000007c0000000)
  eden space 376832K, 56% used [0x0000000795580000,0x00000007a23c1628,0x00000007ac580000)
  from space 40448K, 0% used [0x00000007b8680000,0x00000007b8680000,0x00000007bae00000)
  to   space 47616K, 0% used [0x00000007b5100000,0x00000007b5100000,0x00000007b7f80000)
 ParOldGen       total 109568K, used 56304K [0x0000000740000000, 0x0000000746b00000, 0x0000000795580000)
  object space 109568K, 51% used [0x0000000740000000,0x00000007436fc2c8,0x0000000746b00000)
 Metaspace       used 35563K, capacity 36464K, committed 36952K, reserved 1083392K
  class space    used 3554K, capacity 3852K, committed 3968K, reserved 1048576K
GC Heap History (10 events):
Event: 49.050 GC heap before
{Heap before GC invocations=10 (full 1):
 PSYoungGen      total 273408K, used 18403K [0x0000000795580000, 0x00000007b1000000, 0x00000007c0000000)
  eden space 254976K, 0% used [0x0000000795580000,0x0000000795580000,0x00000007a4e80000)
  from space 18432K, 99% used [0x00000007a4e80000,0x00000007a6078f68,0x00000007a6080000)
  to   space 22528K, 0% used [0x00000007afa00000,0x00000007afa00000,0x00000007b1000000)
 ParOldGen       total 87552K, used 39394K [0x0000000740000000, 0x0000000745580000, 0x0000000795580000)
  object space 87552K, 44% used [0x0000000740000000,0x0000000742678b48,0x0000000745580000)
 Metaspace       used 20325K, capacity 21164K, committed 21248K, reserved 1069056K
  class space    used 2210K, capacity 2535K, committed 2560K, reserved 1048576K
Event: 49.243 GC heap after
Heap after GC invocations=10 (full 1):
 PSYoungGen      total 273408K, used 0K [0x0000000795580000, 0x00000007b1000000, 0x00000007c0000000)
  eden space 254976K, 0% used [0x0000000795580000,0x0000000795580000,0x00000007a4e80000)
  from space 18432K, 0% used [0x00000007a4e80000,0x00000007a4e80000,0x00000007a6080000)
  to   space 22528K, 0% used [0x00000007afa00000,0x00000007afa00000,0x00000007b1000000)
 ParOldGen       total 76800K, used 30369K [0x0000000740000000, 0x0000000744b00000, 0x0000000795580000)
  object space 76800K, 39% used [0x0000000740000000,0x0000000741da8610,0x0000000744b00000)
 Metaspace       used 20187K, capacity 20804K, committed 21248K, reserved 1069056K
  class space    used 2182K, capacity 2415K, committed 2560K, reserved 1048576K
}
Event: 491.689 GC heap before
{Heap before GC invocations=11 (full 1):
 PSYoungGen      total 273408K, used 254976K [0x0000000795580000, 0x00000007b1000000, 0x00000007c0000000)
  eden space 254976K, 100% used [0x0000000795580000,0x00000007a4e80000,0x00000007a4e80000)
  from space 18432K, 0% used [0x00000007a4e80000,0x00000007a4e80000,0x00000007a6080000)
  to   space 22528K, 0% used [0x00000007afa00000,0x00000007afa00000,0x00000007b1000000)
 ParOldGen       total 76800K, used 30369K [0x0000000740000000, 0x0000000744b00000, 0x0000000795580000)
  object space 76800K, 39% used [0x0000000740000000,0x0000000741da8610,0x0000000744b00000)
 Metaspace       used 32889K, capacity 33700K, committed 33920K, reserved 1079296K
  class space    used 3323K, capacity 3602K, committed 3712K, reserved 1048576K
Event: 491.747 GC heap after
Heap after GC invocations=11 (full 1):
 PSYoungGen      total 395776K, used 22510K [0x0000000795580000, 0x00000007b1000000, 0x00000007c0000000)
  eden space 373248K, 0% used [0x0000000795580000,0x0000000795580000,0x00000007ac200000)
  from space 22528K, 99% used [0x00000007afa00000,0x00000007b0ffb818,0x00000007b1000000)
  to   space 29184K, 0% used [0x00000007ad700000,0x00000007ad700000,0x00000007af380000)
 ParOldGen       total 76800K, used 40909K [0x0000000740000000, 0x0000000744b00000, 0x0000000795580000)
  object space 76800K, 53% used [0x0000000740000000,0x00000007427f3558,0x0000000744b00000)
 Metaspace       used 32889K, capacity 33700K, committed 33920K, reserved 1079296K
  class space    used 3323K, capacity 3602K, committed 3712K, reserved 1048576K
}
Event: 2172.759 GC heap before
{Heap before GC invocations=12 (full 1):
 PSYoungGen      total 395776K, used 395758K [0x0000000795580000, 0x00000007b1000000, 0x00000007c0000000)
  eden space 373248K, 100% used [0x0000000795580000,0x00000007ac200000,0x00000007ac200000)
  from space 22528K, 99% used [0x00000007afa00000,0x00000007b0ffb818,0x00000007b1000000)
  to   space 29184K, 0% used [0x00000007ad700000,0x00000007ad700000,0x00000007af380000)
 ParOldGen       total 76800K, used 40909K [0x0000000740000000, 0x0000000744b00000, 0x0000000795580000)
  object space 76800K, 53% used [0x0000000740000000,0x00000007427f3558,0x0000000744b00000)
 Metaspace       used 33572K, capacity 34730K, committed 34816K, reserved 1081344K
  class space    used 3388K, capacity 3779K, committed 3840K, reserved 1048576K
Event: 2172.959 GC heap after
Heap after GC invocations=12 (full 1):
 PSYoungGen      total 423936K, used 29162K [0x0000000795580000, 0x00000007bae00000, 0x00000007c0000000)
  eden space 394752K, 0% used [0x0000000795580000,0x0000000795580000,0x00000007ad700000)
  from space 29184K, 99% used [0x00000007ad700000,0x00000007af37aa00,0x00000007af380000)
  to   space 40448K, 0% used [0x00000007b8680000,0x00000007b8680000,0x00000007bae00000)
 ParOldGen       total 76800K, used 60489K [0x0000000740000000, 0x0000000744b00000, 0x0000000795580000)
  object space 76800K, 78% used [0x0000000740000000,0x0000000743b125c8,0x0000000744b00000)
 Metaspace       used 33572K, capacity 34730K, committed 34816K, reserved 1081344K
  class space    used 3388K, capacity 3779K, committed 3840K, reserved 1048576K
}
Event: 2492.889 GC heap before
{Heap before GC invocations=13 (full 1):
 PSYoungGen      total 423936K, used 358496K [0x0000000795580000, 0x00000007bae00000, 0x00000007c0000000)
  eden space 394752K, 83% used [0x0000000795580000,0x00000007a971d728,0x00000007ad700000)
  from space 29184K, 99% used [0x00000007ad700000,0x00000007af37aa00,0x00000007af380000)
  to   space 40448K, 0% used [0x00000007b8680000,0x00000007b8680000,0x00000007bae00000)
 ParOldGen       total 76800K, used 60489K [0x0000000740000000, 0x0000000744b00000, 0x0000000795580000)
  object space 76800K, 78% used [0x0000000740000000,0x0000000743b125c8,0x0000000744b00000)
 Metaspace       used 33967K, capacity 35326K, committed 35416K, reserved 1081344K
  class space    used 3430K, capacity 3907K, committed 3968K, reserved 1048576K
Event: 2493.012 GC heap after
Heap after GC invocations=13 (full 1):
 PSYoungGen      total 417280K, used 40447K [0x0000000795580000, 0x00000007bae00000, 0x00000007c0000000)
  eden space 376832K, 0% used [0x0000000795580000,0x0000000795580000,0x00000007ac580000)
  from space 40448K, 99% used [0x00000007b8680000,0x00000007badffc70,0x00000007bae00000)
  to   space 47616K, 0% used [0x00000007b5100000,0x00000007b5100000,0x00000007b7f80000)
 ParOldGen       total 76800K, used 63640K [0x0000000740000000, 0x0000000744b00000, 0x0000000795580000)
  object space 76800K, 82% used [0x0000000740000000,0x0000000743e26288,0x0000000744b00000)
 Metaspace       used 33967K, capacity 35326K, committed 35416K, reserved 1081344K
  class space    used 3430K, capacity 3907K, committed 3968K, reserved 1048576K
}
Event: 2493.012 GC heap before
{Heap before GC invocations=14 (full 2):
 PSYoungGen      total 417280K, used 40447K [0x0000000795580000, 0x00000007bae00000, 0x00000007c0000000)
  eden space 376832K, 0% used [0x0000000795580000,0x0000000795580000,0x00000007ac580000)
  from space 40448K, 99% used [0x00000007b8680000,0x00000007badffc70,0x00000007bae00000)
  to   space 47616K, 0% used [0x00000007b5100000,0x00000007b5100000,0x00000007b7f80000)
 ParOldGen       total 76800K, used 63640K [0x0000000740000000, 0x0000000744b00000, 0x0000000795580000)
  object space 76800K, 82% used [0x0000000740000000,0x0000000743e26288,0x0000000744b00000)
 Metaspace       used 33967K, capacity 35326K, committed 35416K, reserved 1081344K
  class space    used 3430K, capacity 3907K, committed 3968K, reserved 1048576K
Event: 2493.216 GC heap after
Heap after GC invocations=14 (full 2):
 PSYoungGen      total 417280K, used 0K [0x0000000795580000, 0x00000007bae00000, 0x00000007c0000000)
  eden space 376832K, 0% used [0x0000000795580000,0x0000000795580000,0x00000007ac580000)
  from space 40448K, 0% used [0x00000007b8680000,0x00000007b8680000,0x00000007bae00000)
  to   space 47616K, 0% used [0x00000007b5100000,0x00000007b5100000,0x00000007b7f80000)
 ParOldGen       total 109568K, used 56304K [0x0000000740000000, 0x0000000746b00000, 0x0000000795580000)
  object space 109568K, 51% used [0x0000000740000000,0x00000007436fc2c8,0x0000000746b00000)
 Metaspace       used 33125K, capacity 33796K, committed 35416K, reserved 1081344K
  class space    used 3296K, capacity 3519K, committed 3968K, reserved 1048576K
}

