# JRE version: Java(TM) SE Runtime Environment (8.0_141-b15) (build 1.8.0_141-b15)
# Java VM: Java HotSpot(TM) 64-Bit Server VM (25.141-b15 mixed mode bsd-amd64 compressed oops)
Heap:
 PSYoungGen      total 394752K, used 89815K [0x0000000795580000, 0x00000007b0800000, 0x00000007c0000000)
  eden space 376832K, 19% used [0x0000000795580000,0x0000000799bbcb08,0x00000007ac580000)
  from space 17920K, 99% used [0x00000007af680000,0x00000007b07f9438,0x00000007b0800000)
  to   space 25600K, 0% used [0x00000007ad600000,0x00000007ad600000,0x00000007aef00000)
 ParOldGen       total 69632K, used 39748K [0x0000000740000000, 0x0000000744400000, 0x0000000795580000)
  object space 69632K, 57% used [0x0000000740000000,0x00000007426d1100,0x0000000744400000)
 Metaspace       used 27525K, capacity 28434K, committed 28800K, reserved 1075200K
  class space    used 2987K, capacity 3331K, committed 3456K, reserved 1048576K
GC Heap History (10 events):
Event: 9.137 GC heap before
{Heap before GC invocations=7 (full 0):
 PSYoungGen      total 141312K, used 141286K [0x0000000795580000, 0x000000079f380000, 0x00000007c0000000)
  eden space 130048K, 100% used [0x0000000795580000,0x000000079d480000,0x000000079d480000)
  from space 11264K, 99% used [0x000000079e280000,0x000000079ed79ae8,0x000000079ed80000)
  to   space 14336K, 0% used [0x000000079d480000,0x000000079d480000,0x000000079e280000)
 ParOldGen       total 87552K, used 23614K [0x0000000740000000, 0x0000000745580000, 0x0000000795580000)
  object space 87552K, 26% used [0x0000000740000000,0x000000074170fa38,0x0000000745580000)
 Metaspace       used 19590K, capacity 20206K, committed 20352K, reserved 1067008K
  class space    used 2154K, capacity 2374K, committed 2432K, reserved 1048576K
Event: 9.186 GC heap after
Heap after GC invocations=7 (full 0):
 PSYoungGen      total 144384K, used 10118K [0x0000000795580000, 0x00000007a6e80000, 0x00000007c0000000)
  eden space 130048K, 0% used [0x0000000795580000,0x0000000795580000,0x000000079d480000)
  from space 14336K, 70% used [0x000000079d480000,0x000000079de618e0,0x000000079e280000)
  to   space 13824K, 0% used [0x00000007a6100000,0x00000007a6100000,0x00000007a6e80000)
 ParOldGen       total 87552K, used 27061K [0x0000000740000000, 0x0000000745580000, 0x0000000795580000)
  object space 87552K, 30% used [0x0000000740000000,0x0000000741a6d700,0x0000000745580000)
 Metaspace       used 19590K, capacity 20206K, committed 20352K, reserved 1067008K
  class space    used 2154K, capacity 2374K, committed 2432K, reserved 1048576K
}
Event: 10.925 GC heap before
{Heap before GC invocations=8 (full 0):
 PSYoungGen      total 144384K, used 140166K [0x0000000795580000, 0x00000007a6e80000, 0x00000007c0000000)
  eden space 130048K, 100% used [0x0000000795580000,0x000000079d480000,0x000000079d480000)
  from space 14336K, 70% used [0x000000079d480000,0x000000079de618e0,0x000000079e280000)
  to   space 13824K, 0% used [0x00000007a6100000,0x00000007a6100000,0x00000007a6e80000)
 ParOldGen       total 87552K, used 27061K [0x0000000740000000, 0x0000000745580000, 0x0000000795580000)
  object space 87552K, 30% used [0x0000000740000000,0x0000000741a6d700,0x0000000745580000)
 Metaspace       used 19708K, capacity 20402K, committed 20608K, reserved 1067008K
  class space    used 2165K, capacity 2416K, committed 2432K, reserved 1048576K
Event: 10.974 GC heap after
Heap after GC invocations=8 (full 0):
 PSYoungGen      total 269312K, used 13822K [0x0000000795580000, 0x00000007a7780000, 0x00000007c0000000)
  eden space 255488K, 0% used [0x0000000795580000,0x0000000795580000,0x00000007a4f00000)
  from space 13824K, 99% used [0x00000007a6100000,0x00000007a6e7fbd8,0x00000007a6e80000)
  to   space 18432K, 0% used [0x00000007a4f00000,0x00000007a4f00000,0x00000007a6100000)
 ParOldGen       total 87552K, used 34813K [0x0000000740000000, 0x0000000745580000, 0x0000000795580000)
  object space 87552K, 39% used [0x0000000740000000,0x00000007421ff468,0x0000000745580000)
 Metaspace       used 19708K, capacity 20402K, committed 20608K, reserved 1067008K
  class space    used 2165K, capacity 2416K, committed 2432K, reserved 1048576K
}
Event: 17.471 GC heap before
{Heap before GC invocations=9 (full 0):
 PSYoungGen      total 269312K, used 88575K [0x0000000795580000, 0x00000007a7780000, 0x00000007c0000000)
  eden space 255488K, 29% used [0x0000000795580000,0x0000000799e800a8,0x00000007a4f00000)
  from space 13824K, 99% used [0x00000007a6100000,0x00000007a6e7fbd8,0x00000007a6e80000)
  to   space 18432K, 0% used [0x00000007a4f00000,0x00000007a4f00000,0x00000007a6100000)
 ParOldGen       total 87552K, used 34813K [0x0000000740000000, 0x0000000745580000, 0x0000000795580000)
  object space 87552K, 39% used [0x0000000740000000,0x00000007421ff468,0x0000000745580000)
 Metaspace       used 20429K, capacity 21118K, committed 21248K, reserved 1069056K
  class space    used 2249K, capacity 2500K, committed 2560K, reserved 1048576K
Event: 17.486 GC heap after
Heap after GC invocations=9 (full 0):
 PSYoungGen      total 273920K, used 11120K [0x0000000795580000, 0x00000007b0800000, 0x00000007c0000000)
  eden space 255488K, 0% used [0x0000000795580000,0x0000000795580000,0x00000007a4f00000)
  from space 18432K, 60% used [0x00000007a4f00000,0x00000007a59dc1e8,0x00000007a6100000)
  to   space 17920K, 0% used [0x00000007af680000,0x00000007af680000,0x00000007b0800000)
 ParOldGen       total 87552K, used 36638K [0x0000000740000000, 0x0000000745580000, 0x0000000795580000)
  object space 87552K, 41% used [0x0000000740000000,0x00000007423c7820,0x0000000745580000)
 Metaspace       used 20429K, capacity 21118K, committed 21248K, reserved 1069056K
  class space    used 2249K, capacity 2500K, committed 2560K, reserved 1048576K
}
Event: 17.486 GC heap before
{Heap before GC invocations=10 (full 1):
 PSYoungGen      total 273920K, used 11120K [0x0000000795580000, 0x00000007b0800000, 0x00000007c0000000)
  eden space 255488K, 0% used [0x0000000795580000,0x0000000795580000,0x00000007a4f00000)
  from space 18432K, 60% used [0x00000007a4f00000,0x00000007a59dc1e8,0x00000007a6100000)
  to   space 17920K, 0% used [0x00000007af680000,0x00000007af680000,0x00000007b0800000)
 ParOldGen       total 87552K, used 36638K [0x0000000740000000, 0x0000000745580000, 0x0000000795580000)
  object space 87552K, 41% used [0x0000000740000000,0x00000007423c7820,0x0000000745580000)
 Metaspace       used 20429K, capacity 21118K, committed 21248K, reserved 1069056K
  class space    used 2249K, capacity 2500K, committed 2560K, reserved 1048576K
Event: 17.556 GC heap after
Heap after GC invocations=10 (full 1):
 PSYoungGen      total 273920K, used 0K [0x0000000795580000, 0x00000007b0800000, 0x00000007c0000000)
  eden space 255488K, 0% used [0x0000000795580000,0x0000000795580000,0x00000007a4f00000)
  from space 18432K, 0% used [0x00000007a4f00000,0x00000007a4f00000,0x00000007a6100000)
  to   space 17920K, 0% used [0x00000007af680000,0x00000007af680000,0x00000007b0800000)
 ParOldGen       total 69632K, used 23033K [0x0000000740000000, 0x0000000744400000, 0x0000000795580000)
  object space 69632K, 33% used [0x0000000740000000,0x000000074167e680,0x0000000744400000)
 Metaspace       used 20338K, capacity 20878K, committed 21248K, reserved 1069056K
  class space    used 2230K, capacity 2420K, committed 2560K, reserved 1048576K
}
Event: 200.074 GC heap before
{Heap before GC invocations=11 (full 1):
 PSYoungGen      total 273920K, used 255488K [0x0000000795580000, 0x00000007b0800000, 0x00000007c0000000)
  eden space 255488K, 100% used [0x0000000795580000,0x00000007a4f00000,0x00000007a4f00000)
  from space 18432K, 0% used [0x00000007a4f00000,0x00000007a4f00000,0x00000007a6100000)
  to   space 17920K, 0% used [0x00000007af680000,0x00000007af680000,0x00000007b0800000)
 ParOldGen       total 69632K, used 23033K [0x0000000740000000, 0x0000000744400000, 0x0000000795580000)
  object space 69632K, 33% used [0x0000000740000000,0x000000074167e680,0x0000000744400000)
 Metaspace       used 27510K, capacity 28428K, committed 28800K, reserved 1075200K
  class space    used 2986K, capacity 3329K, committed 3456K, reserved 1048576K
Event: 200.160 GC heap after
Heap after GC invocations=11 (full 1):
 PSYoungGen      total 394752K, used 17893K [0x0000000795580000, 0x00000007b0800000, 0x00000007c0000000)
  eden space 376832K, 0% used [0x0000000795580000,0x0000000795580000,0x00000007ac580000)
  from space 17920K, 99% used [0x00000007af680000,0x00000007b07f9438,0x00000007b0800000)
  to   space 25600K, 0% used [0x00000007ad600000,0x00000007ad600000,0x00000007aef00000)
 ParOldGen       total 69632K, used 39748K [0x0000000740000000, 0x0000000744400000, 0x0000000795580000)
  object space 69632K, 57% used [0x0000000740000000,0x00000007426d1100,0x0000000744400000)
 Metaspace       used 27510K, capacity 28428K, committed 28800K, reserved 1075200K
  class space    used 2986K, capacity 3329K, committed 3456K, reserved 1048576K
}

